0 info it worked if it ends with ok
1 verbose cli [ 'C:\\software\\nodejs\\node.exe',
1 verbose cli   'C:\\Users\\sheela varadhan\\AppData\\Roaming\\npm\\node_modules\\npm\\bin\\npm-cli.js',
1 verbose cli   'start' ]
2 info using npm@6.3.0
3 info using node@v8.11.1
4 verbose run-script [ 'prestart', 'start', 'poststart' ]
5 info lifecycle client@0.1.0~prestart: client@0.1.0
6 info lifecycle client@0.1.0~start: client@0.1.0
7 verbose lifecycle client@0.1.0~start: unsafe-perm in lifecycle true
8 verbose lifecycle client@0.1.0~start: PATH: C:\Users\sheela varadhan\AppData\Roaming\npm\node_modules\npm\node_modules\npm-lifecycle\node-gyp-bin;C:\packiaProjects\integrify-student-gallery\client\node_modules\.bin;C:\Program Files\Git\mingw64\bin;C:\Program Files\Git\usr\bin;C:\Users\sheela varadhan\bin;C:\software\bin;C:\Program Files (x86)\Intel\iCLS Client;C:\Program Files\Intel\iCLS Client;C:\WINDOWS\system32;C:\WINDOWS;C:\WINDOWS\System32\Wbem;C:\WINDOWS\System32\WindowsPowerShell\v1.0;C:\Program Files (x86)\Intel\Intel(R) Management Engine Components\DAL;C:\Program Files\Intel\Intel(R) Management Engine Components\DAL;C:\Program Files (x86)\Intel\Intel(R) Management Engine Components\IPT;C:\Program Files\Intel\Intel(R) Management Engine Components\IPT;C:\software\nodejs;C:\software\Git\cmd;C:\WINDOWS\System32\OpenSSH;C:\software\Microsoft VS Code\bin;C:\software\apache-maven-3.5.4;C:\software\apache-maven-3.5.4\bin;C:\software\Java\jdk1.8.0_191;C:\software\Java\jdk1.8.0_191\bin;C:\Users\sheela varadhan\AppData\Local\Microsoft\WindowsApps;C:\software\Microsoft VS Code\bin;C:\Users\sheela varadhan\AppData\Roaming\npm;C:\Users\sheela varadhan\AppData\Local\GitHubDesktop\bin;C:\Users\sheela varadhan\AppData\Local\Microsoft\WindowsApps;C:\Program Files\heroku\bin
9 verbose lifecycle client@0.1.0~start: CWD: C:\packiaProjects\integrify-student-gallery\client
10 silly lifecycle client@0.1.0~start: Args: [ '/d /s /c', 'react-scripts start' ]
11 silly lifecycle client@0.1.0~start: Returned: code: 1  signal: null
12 info lifecycle client@0.1.0~start: Failed to exec start script
13 verbose stack Error: client@0.1.0 start: `react-scripts start`
13 verbose stack Exit status 1
13 verbose stack     at EventEmitter.<anonymous> (C:\Users\sheela varadhan\AppData\Roaming\npm\node_modules\npm\node_modules\npm-lifecycle\index.js:304:16)
13 verbose stack     at emitTwo (events.js:126:13)
13 verbose stack     at EventEmitter.emit (events.js:214:7)
13 verbose stack     at ChildProcess.<anonymous> (C:\Users\sheela varadhan\AppData\Roaming\npm\node_modules\npm\node_modules\npm-lifecycle\lib\spawn.js:55:14)
13 verbose stack     at emitTwo (events.js:126:13)
13 verbose stack     at ChildProcess.emit (events.js:214:7)
13 verbose stack     at maybeClose (internal/child_process.js:925:16)
13 verbose stack     at Process.ChildProcess._handle.onexit (internal/child_process.js:209:5)
14 verbose pkgid client@0.1.0
15 verbose cwd C:\packiaProjects\integrify-student-gallery\client
16 verbose Windows_NT 10.0.17134
17 verbose argv "C:\\software\\nodejs\\node.exe" "C:\\Users\\sheela varadhan\\AppData\\Roaming\\npm\\node_modules\\npm\\bin\\npm-cli.js" "start"
18 verbose node v8.11.1
19 verbose npm  v6.3.0
20 error code ELIFECYCLE
21 error errno 1
22 error client@0.1.0 start: `react-scripts start`
22 error Exit status 1
23 error Failed at the client@0.1.0 start script.
23 error This is probably not a problem with npm. There is likely additional logging output above.
24 verbose exit [ 1, true ]
